{"name": "test_ghasd[Chrome]", "status": "failed", "statusDetails": {"message": "AssertionError: assert False", "trace": "def test_ghasd():\n>       assert False\nE       assert False\n\ntest_scripts\\test_sample.py:4: AssertionError"}, "parameters": [{"name": "setup", "value": "'Chrome'"}], "start": 1575176283717, "stop": 1575176283718, "uuid": "1a2f4cf5-6125-46fd-a2e2-fd8592115706", "historyId": "583d003be73151b256053a0887ef3c41", "testCaseId": "8f9170868492376c21dbc5ad133610c3", "fullName": "test_scripts.test_sample#test_ghasd", "labels": [{"name": "parentSuite", "value": "test_scripts"}, {"name": "suite", "value": "test_sample"}, {"name": "host", "value": "DESKTOP-JAMBUR3"}, {"name": "thread", "value": "7256-MainThread"}, {"name": "framework", "value": "pytest"}, {"name": "language", "value": "cpython3"}, {"name": "package", "value": "test_scripts.test_sample"}]}